Build started 19.12.2015 14:08:23.
     1>Project "c:\Users\Nick\documents\visual studio 2010\Projects\Visibility enhancement\Visibility enhancement\Visibility enhancement.vcxproj" on node 2 (build target(s)).
     1>InitializeBuildStatus:
         Touching "Debug\Visibility enhancement.unsuccessfulbuild".
       ClCompile:
         C:\Program Files (x86)\Microsoft Visual Studio 10.0\VC\bin\CL.exe /c /IC:\JPEGlib_9a /ZI /nologo /W3 /WX- /Od /Oy- /D WIN32 /D _DEBUG /D _CONSOLE /D _UNICODE /D UNICODE /Gm /EHsc /RTC1 /MDd /GS /fp:precise /Zc:wchar_t /Zc:forScope /openmp /Fo"Debug\\" /Fd"Debug\vc100.pdb" /Gd /TP /analyze- /errorReport:prompt processor.cpp
         processor.cpp
     1>c:\users\nick\documents\visual studio 2010\projects\visibility enhancement\visibility enhancement\processor.cpp(58): warning C4244: '=' : conversion from 'double' to 'int', possible loss of data
     1>c:\users\nick\documents\visual studio 2010\projects\visibility enhancement\visibility enhancement\processor.cpp(59): warning C4244: '=' : conversion from 'double' to 'int', possible loss of data
     1>c:\users\nick\documents\visual studio 2010\projects\visibility enhancement\visibility enhancement\processor.cpp(60): warning C4244: '=' : conversion from 'double' to 'int', possible loss of data
     1>c:\users\nick\documents\visual studio 2010\projects\visibility enhancement\visibility enhancement\processor.cpp(566): warning C4244: '=' : conversion from 'double' to 'int', possible loss of data
     1>c:\users\nick\documents\visual studio 2010\projects\visibility enhancement\visibility enhancement\processor.cpp(567): warning C4244: '=' : conversion from 'double' to 'int', possible loss of data
     1>c:\users\nick\documents\visual studio 2010\projects\visibility enhancement\visibility enhancement\processor.cpp(568): warning C4244: '=' : conversion from 'double' to 'int', possible loss of data
       ManifestResourceCompile:
         All outputs are up-to-date.
       Link:
         C:\Program Files (x86)\Microsoft Visual Studio 10.0\VC\bin\link.exe /ERRORREPORT:PROMPT /OUT:"c:\users\nick\documents\visual studio 2010\Projects\Visibility enhancement\Debug\Visibility enhancement.exe" /INCREMENTAL /NOLOGO /LIBPATH:C:\JPEGlib_9a libjpeg.lib kernel32.lib user32.lib gdi32.lib winspool.lib comdlg32.lib advapi32.lib shell32.lib ole32.lib oleaut32.lib uuid.lib odbc32.lib odbccp32.lib /MANIFEST /ManifestFile:"Debug\Visibility enhancement.exe.intermediate.manifest" /MANIFESTUAC:"level='asInvoker' uiAccess='false'" /DEBUG /PDB:"c:\users\nick\documents\visual studio 2010\Projects\Visibility enhancement\Debug\Visibility enhancement.pdb" /SUBSYSTEM:CONSOLE /TLBID:1 /DYNAMICBASE /NXCOMPAT /IMPLIB:"c:\users\nick\documents\visual studio 2010\Projects\Visibility enhancement\Debug\Visibility enhancement.lib" /MACHINE:X86 "Debug\Visibility enhancement.exe.embed.manifest.res"
         Debug\processor.obj
       Manifest:
         C:\Program Files (x86)\Microsoft SDKs\Windows\v7.0A\bin\mt.exe /nologo /verbose /out:"Debug\Visibility enhancement.exe.embed.manifest" /manifest "Debug\Visibility enhancement.exe.intermediate.manifest"
         All outputs are up-to-date.
       LinkEmbedManifest:
         All outputs are up-to-date.
         Visibility enhancement.vcxproj -> c:\users\nick\documents\visual studio 2010\Projects\Visibility enhancement\Debug\Visibility enhancement.exe
       FinalizeBuildStatus:
         Deleting file "Debug\Visibility enhancement.unsuccessfulbuild".
         Touching "Debug\Visibility enhancement.lastbuildstate".
     1>Done Building Project "c:\Users\Nick\documents\visual studio 2010\Projects\Visibility enhancement\Visibility enhancement\Visibility enhancement.vcxproj" (build target(s)).

Построение успешно завершено.

Time Elapsed 00:00:00.85
